2019-08-06 11:00:39,471 ERROR 3449 [-/127.0.0.1/-/9ms GET /] nodejs.ReferenceError: readFilePromise is not defined
    at HomeController.index (/Volumes/机械/测试项目/node/egg-example/app/controller/home.js:9:16)
    at Object.callFn (/Volumes/机械/测试项目/node/egg-example/node_modules/egg-core/lib/utils/index.js:44:21)
    at Object.classControllerMiddleware (/Volumes/机械/测试项目/node/egg-example/node_modules/egg-core/lib/loader/mixin/controller.js:87:20)
    at Object.callFn (/Volumes/机械/测试项目/node/egg-example/node_modules/@eggjs/router/lib/utils.js:12:21)
    at wrappedController (/Volumes/机械/测试项目/node/egg-example/node_modules/@eggjs/router/lib/egg_router.js:322:18)
    at dispatch (/Volumes/机械/测试项目/node/egg-example/node_modules/koa-compose/index.js:44:32)
    at next (/Volumes/机械/测试项目/node/egg-example/node_modules/koa-compose/index.js:45:18)
    at /Volumes/机械/测试项目/node/egg-example/node_modules/@eggjs/router/lib/router.js:190:18
    at dispatch (/Volumes/机械/测试项目/node/egg-example/node_modules/koa-compose/index.js:44:32)
    at /Volumes/机械/测试项目/node/egg-example/node_modules/koa-compose/index.js:36:12

pid: 3449
hostname: luodeMacBook-Air.local

2019-08-06 11:01:23,564 ERROR 3483 [-/127.0.0.1/-/6ms GET /] nodejs.ReferenceError: readFilePromise is not defined
    at HomeController.index (/Volumes/机械/测试项目/node/egg-example/app/controller/home.js:9:16)
    at Object.callFn (/Volumes/机械/测试项目/node/egg-example/node_modules/egg-core/lib/utils/index.js:44:21)
    at Object.classControllerMiddleware (/Volumes/机械/测试项目/node/egg-example/node_modules/egg-core/lib/loader/mixin/controller.js:87:20)
    at Object.callFn (/Volumes/机械/测试项目/node/egg-example/node_modules/@eggjs/router/lib/utils.js:12:21)
    at wrappedController (/Volumes/机械/测试项目/node/egg-example/node_modules/@eggjs/router/lib/egg_router.js:322:18)
    at dispatch (/Volumes/机械/测试项目/node/egg-example/node_modules/koa-compose/index.js:44:32)
    at next (/Volumes/机械/测试项目/node/egg-example/node_modules/koa-compose/index.js:45:18)
    at /Volumes/机械/测试项目/node/egg-example/node_modules/@eggjs/router/lib/router.js:190:18
    at dispatch (/Volumes/机械/测试项目/node/egg-example/node_modules/koa-compose/index.js:44:32)
    at /Volumes/机械/测试项目/node/egg-example/node_modules/koa-compose/index.js:36:12

pid: 3483
hostname: luodeMacBook-Air.local

2019-08-06 11:46:13,019 ERROR 4459 [-/127.0.0.1/-/7ms GET /] nodejs.AssertionError [ERR_ASSERTION]: Can't find /Volumes/机械/测试项目/node/egg-example/app/public/wechat.html from 
    at Map.resolve (/Volumes/机械/测试项目/node/egg-example/node_modules/egg-view/lib/view_manager.js:74:5)
    at processTicksAndRejections (internal/process/next_tick.js:81:5)
generatedMessage: false
name: "AssertionError [ERR_ASSERTION]"
code: "ERR_ASSERTION"
actual: undefined
expected: true
operator: "=="
pid: 4459
hostname: luodeMacBook-Air.local

2019-08-06 11:46:42,107 ERROR 4479 [-/127.0.0.1/-/6ms GET /] nodejs.AssertionError [ERR_ASSERTION]: Can't find /Volumes/机械/测试项目/node/public/wechat.html from 
    at Map.resolve (/Volumes/机械/测试项目/node/egg-example/node_modules/egg-view/lib/view_manager.js:74:5)
    at processTicksAndRejections (internal/process/next_tick.js:81:5)
generatedMessage: false
name: "AssertionError [ERR_ASSERTION]"
code: "ERR_ASSERTION"
actual: undefined
expected: true
operator: "=="
pid: 4479
hostname: luodeMacBook-Air.local

2019-08-06 11:46:43,074 ERROR 4479 [-/127.0.0.1/-/1ms GET /] nodejs.AssertionError [ERR_ASSERTION]: Can't find /Volumes/机械/测试项目/node/public/wechat.html from 
    at Map.resolve (/Volumes/机械/测试项目/node/egg-example/node_modules/egg-view/lib/view_manager.js:74:5)
    at processTicksAndRejections (internal/process/next_tick.js:81:5)
generatedMessage: false
name: "AssertionError [ERR_ASSERTION]"
code: "ERR_ASSERTION"
actual: undefined
expected: true
operator: "=="
pid: 4479
hostname: luodeMacBook-Air.local

2019-08-06 11:47:04,234 ERROR 4519 [-/127.0.0.1/-/6ms GET /] nodejs.AssertionError [ERR_ASSERTION]: Can't find /Volumes/机械/测试项目/node/egg-example/public/wechat.html from 
    at Map.resolve (/Volumes/机械/测试项目/node/egg-example/node_modules/egg-view/lib/view_manager.js:74:5)
    at processTicksAndRejections (internal/process/next_tick.js:81:5)
generatedMessage: false
name: "AssertionError [ERR_ASSERTION]"
code: "ERR_ASSERTION"
actual: undefined
expected: true
operator: "=="
pid: 4519
hostname: luodeMacBook-Air.local

2019-08-06 13:46:18,244 ERROR 7191 [-/127.0.0.1/-/8ms GET /] nodejs.AssertionError [ERR_ASSERTION]: Can't find /Volumes/机械/测试项目/node/egg-example/app/public/wechat.html from 
    at Map.resolve (/Volumes/机械/测试项目/node/egg-example/node_modules/egg-view/lib/view_manager.js:74:5)
    at processTicksAndRejections (internal/process/next_tick.js:81:5)
generatedMessage: false
name: "AssertionError [ERR_ASSERTION]"
code: "ERR_ASSERTION"
actual: undefined
expected: true
operator: "=="
pid: 7191
hostname: luodeMacBook-Air.local

2019-08-06 13:46:56,406 ERROR 7224 [-/127.0.0.1/-/5ms GET /] nodejs.SyntaxError: Identifier 'page' has already been declared
    at Object.callFn (/Volumes/机械/测试项目/node/egg-example/node_modules/egg-core/lib/utils/index.js:44:21)
    at Object.classControllerMiddleware (/Volumes/机械/测试项目/node/egg-example/node_modules/egg-core/lib/loader/mixin/controller.js:87:20)
    at Object.callFn (/Volumes/机械/测试项目/node/egg-example/node_modules/@eggjs/router/lib/utils.js:12:21)
    at wrappedController (/Volumes/机械/测试项目/node/egg-example/node_modules/@eggjs/router/lib/egg_router.js:322:18)
    at dispatch (/Volumes/机械/测试项目/node/egg-example/node_modules/koa-compose/index.js:44:32)
    at next (/Volumes/机械/测试项目/node/egg-example/node_modules/koa-compose/index.js:45:18)
    at /Volumes/机械/测试项目/node/egg-example/node_modules/@eggjs/router/lib/router.js:190:18
    at dispatch (/Volumes/机械/测试项目/node/egg-example/node_modules/koa-compose/index.js:44:32)
    at /Volumes/机械/测试项目/node/egg-example/node_modules/koa-compose/index.js:36:12
    at dispatch (/Volumes/机械/测试项目/node/egg-example/node_modules/@eggjs/router/lib/router.js:195:33)

pid: 7224
hostname: luodeMacBook-Air.local

2019-08-06 13:46:57,222 ERROR 7224 [-/127.0.0.1/-/1ms GET /] nodejs.SyntaxError: Identifier 'page' has already been declared
    at Object.callFn (/Volumes/机械/测试项目/node/egg-example/node_modules/egg-core/lib/utils/index.js:44:21)
    at Object.classControllerMiddleware (/Volumes/机械/测试项目/node/egg-example/node_modules/egg-core/lib/loader/mixin/controller.js:87:20)
    at Object.callFn (/Volumes/机械/测试项目/node/egg-example/node_modules/@eggjs/router/lib/utils.js:12:21)
    at wrappedController (/Volumes/机械/测试项目/node/egg-example/node_modules/@eggjs/router/lib/egg_router.js:322:18)
    at dispatch (/Volumes/机械/测试项目/node/egg-example/node_modules/koa-compose/index.js:44:32)
    at next (/Volumes/机械/测试项目/node/egg-example/node_modules/koa-compose/index.js:45:18)
    at /Volumes/机械/测试项目/node/egg-example/node_modules/@eggjs/router/lib/router.js:190:18
    at dispatch (/Volumes/机械/测试项目/node/egg-example/node_modules/koa-compose/index.js:44:32)
    at /Volumes/机械/测试项目/node/egg-example/node_modules/koa-compose/index.js:36:12
    at dispatch (/Volumes/机械/测试项目/node/egg-example/node_modules/@eggjs/router/lib/router.js:195:33)

pid: 7224
hostname: luodeMacBook-Air.local

2019-08-06 13:46:58,038 ERROR 7224 [-/127.0.0.1/-/1ms GET /] nodejs.SyntaxError: Identifier 'page' has already been declared
    at Object.callFn (/Volumes/机械/测试项目/node/egg-example/node_modules/egg-core/lib/utils/index.js:44:21)
    at Object.classControllerMiddleware (/Volumes/机械/测试项目/node/egg-example/node_modules/egg-core/lib/loader/mixin/controller.js:87:20)
    at Object.callFn (/Volumes/机械/测试项目/node/egg-example/node_modules/@eggjs/router/lib/utils.js:12:21)
    at wrappedController (/Volumes/机械/测试项目/node/egg-example/node_modules/@eggjs/router/lib/egg_router.js:322:18)
    at dispatch (/Volumes/机械/测试项目/node/egg-example/node_modules/koa-compose/index.js:44:32)
    at next (/Volumes/机械/测试项目/node/egg-example/node_modules/koa-compose/index.js:45:18)
    at /Volumes/机械/测试项目/node/egg-example/node_modules/@eggjs/router/lib/router.js:190:18
    at dispatch (/Volumes/机械/测试项目/node/egg-example/node_modules/koa-compose/index.js:44:32)
    at /Volumes/机械/测试项目/node/egg-example/node_modules/koa-compose/index.js:36:12
    at dispatch (/Volumes/机械/测试项目/node/egg-example/node_modules/@eggjs/router/lib/router.js:195:33)

pid: 7224
hostname: luodeMacBook-Air.local

2019-08-06 14:13:04,389 ERROR 7762 [-/127.0.0.1/-/7ms GET /] nodejs.ENOENTError: ENOENT: no such file or directory, open '/Volumes/机械/测试项目/node/egg-example/app/public/wechat.html'
ENOENTError: ENOENT: no such file or directory, open '/Volumes/机械/测试项目/node/egg-example/app/public/wechat.html'
errno: -2
code: "ENOENT"
syscall: "open"
path: "/Volumes/机械/测试项目/node/egg-example/app/public/wechat.html"
name: "ENOENTError"
pid: 7762
hostname: luodeMacBook-Air.local

2019-08-06 14:17:15,970 ERROR 7883 [-/127.0.0.1/-/6ms GET /] nodejs.ENOENTError: ENOENT: no such file or directory, open '/Volumes/机械/测试项目/node/egg-example/app/public/dist/index.html'
ENOENTError: ENOENT: no such file or directory, open '/Volumes/机械/测试项目/node/egg-example/app/public/dist/index.html'
errno: -2
code: "ENOENT"
syscall: "open"
path: "/Volumes/机械/测试项目/node/egg-example/app/public/dist/index.html"
name: "ENOENTError"
pid: 7883
hostname: luodeMacBook-Air.local

2019-08-06 15:07:06,214 ERROR 9878 [-/127.0.0.1/-/2ms GET /] nodejs.ENOENTError: ENOENT: no such file or directory, open '/Volumes/机械/测试项目/node/egg-example/app/public/dist/index.html'
ENOENTError: ENOENT: no such file or directory, open '/Volumes/机械/测试项目/node/egg-example/app/public/dist/index.html'
errno: -2
code: "ENOENT"
syscall: "open"
path: "/Volumes/机械/测试项目/node/egg-example/app/public/dist/index.html"
name: "ENOENTError"
pid: 9878
hostname: luodeMacBook-Air.local

2019-08-13 09:28:25,186 ERROR 2137 nodejs.TypeError: Cannot create property 'ctx' on string 'GET'
    at ContextHttpClient.curl (/Volumes/机械/测试项目/node/egg-example/node_modules/egg/lib/core/context_httpclient.js:19:17)
    at Object.curl (/Volumes/机械/测试项目/node/egg-example/node_modules/egg/app/extend/context.js:48:28)
    at Wechaty.onLogin (/Volumes/机械/测试项目/node/egg-example/app.js:89:11)
    at Wechaty.on.args (/Volumes/机械/测试项目/node/egg-example/node_modules/wechaty/dist/src/wechaty.js:384:26)
    at Wechaty.emit (events.js:197:13)
    at Wechaty.EventEmitter.emit (domain.js:481:20)
    at Wechaty.emit (/Volumes/机械/测试项目/node/egg-example/node_modules/wechaty/dist/src/wechaty.js:180:22)
    at Wechaty.<anonymous> (/Volumes/机械/测试项目/node/egg-example/node_modules/wechaty/dist/src/wechaty.js:463:30)
    at Generator.next (<anonymous>)
    at fulfilled (/Volumes/机械/测试项目/node/egg-example/node_modules/wechaty/dist/src/wechaty.js:4:58)
    at processTicksAndRejections (internal/process/next_tick.js:81:5)

pid: 2137
hostname: luodeMacBook-Air.local

2019-08-13 09:29:23,700 ERROR 2137 nodejs.TypeError: Cannot read property 'ROOMNAME' of undefined
    at /Volumes/机械/测试项目/node/egg-example/app.js:257:42
    at processTicksAndRejections (internal/process/next_tick.js:81:5)

pid: 2137
hostname: luodeMacBook-Air.local

2019-08-13 09:34:08,795 ERROR 2300 nodejs.TypeError: Cannot create property 'ctx' on string 'GET'
    at ContextHttpClient.curl (/Volumes/机械/测试项目/node/egg-example/node_modules/egg/lib/core/context_httpclient.js:19:17)
    at Object.curl (/Volumes/机械/测试项目/node/egg-example/node_modules/egg/app/extend/context.js:48:28)
    at Wechaty.onLogin (/Volumes/机械/测试项目/node/egg-example/app.js:90:11)
    at Wechaty.on.args (/Volumes/机械/测试项目/node/egg-example/node_modules/wechaty/dist/src/wechaty.js:384:26)
    at Wechaty.emit (events.js:197:13)
    at Wechaty.EventEmitter.emit (domain.js:481:20)
    at Wechaty.emit (/Volumes/机械/测试项目/node/egg-example/node_modules/wechaty/dist/src/wechaty.js:180:22)
    at Wechaty.<anonymous> (/Volumes/机械/测试项目/node/egg-example/node_modules/wechaty/dist/src/wechaty.js:463:30)
    at Generator.next (<anonymous>)
    at fulfilled (/Volumes/机械/测试项目/node/egg-example/node_modules/wechaty/dist/src/wechaty.js:4:58)
    at processTicksAndRejections (internal/process/next_tick.js:81:5)

pid: 2300
hostname: luodeMacBook-Air.local

2019-08-13 09:37:50,433 ERROR 2300 nodejs.TypeError: Cannot read property 'ROOMNAME' of undefined
    at /Volumes/机械/测试项目/node/egg-example/app.js:258:42
    at processTicksAndRejections (internal/process/next_tick.js:81:5)

pid: 2300
hostname: luodeMacBook-Air.local

2019-08-13 09:39:58,118 ERROR 2405 nodejs.TypeError: Cannot create property 'ctx' on string 'GET'
    at ContextHttpClient.curl (/Volumes/机械/测试项目/node/egg-example/node_modules/egg/lib/core/context_httpclient.js:19:17)
    at Object.curl (/Volumes/机械/测试项目/node/egg-example/node_modules/egg/app/extend/context.js:48:28)
    at Wechaty.onLogin (/Volumes/机械/测试项目/node/egg-example/app.js:90:11)
    at Wechaty.on.args (/Volumes/机械/测试项目/node/egg-example/node_modules/wechaty/dist/src/wechaty.js:384:26)
    at Wechaty.emit (events.js:197:13)
    at Wechaty.EventEmitter.emit (domain.js:481:20)
    at Wechaty.emit (/Volumes/机械/测试项目/node/egg-example/node_modules/wechaty/dist/src/wechaty.js:180:22)
    at Wechaty.<anonymous> (/Volumes/机械/测试项目/node/egg-example/node_modules/wechaty/dist/src/wechaty.js:463:30)
    at Generator.next (<anonymous>)
    at fulfilled (/Volumes/机械/测试项目/node/egg-example/node_modules/wechaty/dist/src/wechaty.js:4:58)
    at processTicksAndRejections (internal/process/next_tick.js:81:5)

pid: 2405
hostname: luodeMacBook-Air.local

2019-08-13 09:42:09,620 ERROR 2527 nodejs.TypeError: Cannot create property 'ctx' on string 'GET'
    at ContextHttpClient.curl (/Volumes/机械/测试项目/node/egg-example/node_modules/egg/lib/core/context_httpclient.js:19:17)
    at Object.curl (/Volumes/机械/测试项目/node/egg-example/node_modules/egg/app/extend/context.js:48:28)
    at onLogin (/Volumes/机械/测试项目/node/egg-example/app.js:90:11)
    at AppBootHook.willReady (/Volumes/机械/测试项目/node/egg-example/app.js:100:5)
    at processTicksAndRejections (internal/process/next_tick.js:81:5)

pid: 2527
hostname: luodeMacBook-Air.local

2019-08-13 09:42:10,990 ERROR 2528 nodejs.TypeError: Cannot create property 'ctx' on string 'GET'
    at ContextHttpClient.curl (/Volumes/机械/测试项目/node/egg-example/node_modules/egg/lib/core/context_httpclient.js:19:17)
    at Object.curl (/Volumes/机械/测试项目/node/egg-example/node_modules/egg/app/extend/context.js:48:28)
    at onLogin (/Volumes/机械/测试项目/node/egg-example/app.js:90:11)
    at AppBootHook.willReady (/Volumes/机械/测试项目/node/egg-example/app.js:100:5)
    at processTicksAndRejections (internal/process/next_tick.js:81:5)

pid: 2528
hostname: luodeMacBook-Air.local

2019-08-13 09:45:25,376 ERROR 2617 nodejs.TypeError: Cannot create property 'tracer' on string 'GET'
    at HttpClient.request (/Volumes/机械/测试项目/node/egg-example/node_modules/egg/lib/core/httpclient.js:32:19)
    at Application.curl (/Volumes/机械/测试项目/node/egg-example/node_modules/egg/lib/egg.js:283:28)
    at onLogin (/Volumes/机械/测试项目/node/egg-example/app.js:90:11)
    at AppBootHook.willReady (/Volumes/机械/测试项目/node/egg-example/app.js:100:5)
    at processTicksAndRejections (internal/process/next_tick.js:81:5)

pid: 2617
hostname: luodeMacBook-Air.local

2019-08-13 09:45:27,275 ERROR 2625 nodejs.TypeError: Cannot create property 'tracer' on string 'GET'
    at HttpClient.request (/Volumes/机械/测试项目/node/egg-example/node_modules/egg/lib/core/httpclient.js:32:19)
    at Application.curl (/Volumes/机械/测试项目/node/egg-example/node_modules/egg/lib/egg.js:283:28)
    at onLogin (/Volumes/机械/测试项目/node/egg-example/app.js:89:11)
    at AppBootHook.willReady (/Volumes/机械/测试项目/node/egg-example/app.js:99:5)
    at processTicksAndRejections (internal/process/next_tick.js:81:5)

pid: 2625
hostname: luodeMacBook-Air.local

2019-08-13 09:45:33,363 ERROR 2653 nodejs.TypeError: Cannot create property 'tracer' on string 'GET'
    at HttpClient.request (/Volumes/机械/测试项目/node/egg-example/node_modules/egg/lib/core/httpclient.js:32:19)
    at Application.curl (/Volumes/机械/测试项目/node/egg-example/node_modules/egg/lib/egg.js:283:28)
    at onLogin (/Volumes/机械/测试项目/node/egg-example/app.js:89:11)
    at AppBootHook.willReady (/Volumes/机械/测试项目/node/egg-example/app.js:99:5)
    at processTicksAndRejections (internal/process/next_tick.js:81:5)

pid: 2653
hostname: luodeMacBook-Air.local

2019-08-13 10:20:31,419 ERROR 3383 [-/127.0.0.1/-/6ms GET /api/getScheduleList] nodejs.TypeError: Cannot read property 'find' of undefined
    at ModelService.find (/Volumes/机械/测试项目/node/egg-example/app/service/model.js:13:38)
    at HomeController.getScheduleList (/Volumes/机械/测试项目/node/egg-example/app/controller/home.js:27:41)
    at Object.callFn (/Volumes/机械/测试项目/node/egg-example/node_modules/egg-core/lib/utils/index.js:44:21)
    at Object.classControllerMiddleware (/Volumes/机械/测试项目/node/egg-example/node_modules/egg-core/lib/loader/mixin/controller.js:87:20)
    at Object.callFn (/Volumes/机械/测试项目/node/egg-example/node_modules/@eggjs/router/lib/utils.js:12:21)
    at wrappedController (/Volumes/机械/测试项目/node/egg-example/node_modules/@eggjs/router/lib/egg_router.js:322:18)
    at dispatch (/Volumes/机械/测试项目/node/egg-example/node_modules/koa-compose/index.js:44:32)
    at next (/Volumes/机械/测试项目/node/egg-example/node_modules/koa-compose/index.js:45:18)
    at /Volumes/机械/测试项目/node/egg-example/node_modules/@eggjs/router/lib/router.js:190:18
    at dispatch (/Volumes/机械/测试项目/node/egg-example/node_modules/koa-compose/index.js:44:32)
    at /Volumes/机械/测试项目/node/egg-example/node_modules/koa-compose/index.js:36:12
    at dispatch (/Volumes/机械/测试项目/node/egg-example/node_modules/@eggjs/router/lib/router.js:195:33)
    at dispatch (/Volumes/机械/测试项目/node/egg-example/node_modules/koa/node_modules/koa-compose/index.js:42:32)
    at /Volumes/机械/测试项目/node/egg-example/node_modules/egg-development/app/middleware/egg_loader_trace.js:9:56
    at dispatch (/Volumes/机械/测试项目/node/egg-example/node_modules/koa/node_modules/koa-compose/index.js:42:32)
    at i18n (/Volumes/机械/测试项目/node/egg-example/node_modules/egg-i18n/app/middleware/i18n.js:13:12)
    at dispatch (/Volumes/机械/测试项目/node/egg-example/node_modules/koa/node_modules/koa-compose/index.js:42:32)
    at dispatch (/Volumes/机械/测试项目/node/egg-example/node_modules/egg-security/node_modules/koa-compose/index.js:42:32)
    at dta (/Volumes/机械/测试项目/node/egg-example/node_modules/egg-security/lib/middlewares/dta.js:12:12)
    at dispatch (/Volumes/机械/测试项目/node/egg-example/node_modules/egg-security/node_modules/koa-compose/index.js:42:32)
    at xframe (/Volumes/机械/测试项目/node/egg-example/node_modules/egg-security/lib/middlewares/xframe.js:7:11)
    at dispatch (/Volumes/机械/测试项目/node/egg-example/node_modules/egg-security/node_modules/koa-compose/index.js:42:32)
    at xssProtection (/Volumes/机械/测试项目/node/egg-example/node_modules/egg-security/lib/middlewares/xssProtection.js:7:11)
    at dispatch (/Volumes/机械/测试项目/node/egg-example/node_modules/egg-security/node_modules/koa-compose/index.js:42:32)
    at nosniff (/Volumes/机械/测试项目/node/egg-example/node_modules/egg-security/lib/middlewares/nosniff.js:8:11)
    at dispatch (/Volumes/机械/测试项目/node/egg-example/node_modules/egg-security/node_modules/koa-compose/index.js:42:32)
    at noopen (/Volumes/机械/测试项目/node/egg-example/node_modules/egg-security/lib/middlewares/noopen.js:8:11)
    at dispatch (/Volumes/机械/测试项目/node/egg-example/node_modules/egg-security/node_modules/koa-compose/index.js:42:32)
    at notAllow (/Volumes/机械/测试项目/node/egg-example/node_modules/egg-security/lib/middlewares/methodnoallow.js:21:12)
    at dispatch (/Volumes/机械/测试项目/node/egg-example/node_modules/egg-security/node_modules/koa-compose/index.js:42:32)
    at csrf (/Volumes/机械/测试项目/node/egg-example/node_modules/egg-security/lib/middlewares/csrf.js:24:14)
    at dispatch (/Volumes/机械/测试项目/node/egg-example/node_modules/egg-security/node_modules/koa-compose/index.js:42:32)
    at /Volumes/机械/测试项目/node/egg-example/node_modules/egg-security/node_modules/koa-compose/index.js:34:12
    at dispatch (/Volumes/机械/测试项目/node/egg-example/node_modules/koa/node_modules/koa-compose/index.js:42:32)
    at session (/Volumes/机械/测试项目/node/egg-example/node_modules/koa-session/index.js:41:13)
    at dispatch (/Volumes/机械/测试项目/node/egg-example/node_modules/koa/node_modules/koa-compose/index.js:42:32)
    at overrideMethod (/Volumes/机械/测试项目/node/egg-example/node_modules/koa-override/index.js:13:70)
    at dispatch (/Volumes/机械/测试项目/node/egg-example/node_modules/koa/node_modules/koa-compose/index.js:42:32)
    at bodyParser (/Volumes/机械/测试项目/node/egg-example/node_modules/koa-bodyparser/index.js:86:11)
    at processTicksAndRejections (internal/process/next_tick.js:81:5)

pid: 3383
hostname: luodeMacBook-Air.local

2019-08-13 10:20:45,541 ERROR 3383 [-/127.0.0.1/-/1ms GET /api/getScheduleList] nodejs.TypeError: Cannot read property 'find' of undefined
    at ModelService.find (/Volumes/机械/测试项目/node/egg-example/app/service/model.js:13:38)
    at HomeController.getScheduleList (/Volumes/机械/测试项目/node/egg-example/app/controller/home.js:27:41)
    at Object.callFn (/Volumes/机械/测试项目/node/egg-example/node_modules/egg-core/lib/utils/index.js:44:21)
    at Object.classControllerMiddleware (/Volumes/机械/测试项目/node/egg-example/node_modules/egg-core/lib/loader/mixin/controller.js:87:20)
    at Object.callFn (/Volumes/机械/测试项目/node/egg-example/node_modules/@eggjs/router/lib/utils.js:12:21)
    at wrappedController (/Volumes/机械/测试项目/node/egg-example/node_modules/@eggjs/router/lib/egg_router.js:322:18)
    at dispatch (/Volumes/机械/测试项目/node/egg-example/node_modules/koa-compose/index.js:44:32)
    at next (/Volumes/机械/测试项目/node/egg-example/node_modules/koa-compose/index.js:45:18)
    at /Volumes/机械/测试项目/node/egg-example/node_modules/@eggjs/router/lib/router.js:190:18
    at dispatch (/Volumes/机械/测试项目/node/egg-example/node_modules/koa-compose/index.js:44:32)
    at /Volumes/机械/测试项目/node/egg-example/node_modules/koa-compose/index.js:36:12
    at dispatch (/Volumes/机械/测试项目/node/egg-example/node_modules/@eggjs/router/lib/router.js:195:33)
    at dispatch (/Volumes/机械/测试项目/node/egg-example/node_modules/koa/node_modules/koa-compose/index.js:42:32)
    at /Volumes/机械/测试项目/node/egg-example/node_modules/egg-development/app/middleware/egg_loader_trace.js:9:56
    at dispatch (/Volumes/机械/测试项目/node/egg-example/node_modules/koa/node_modules/koa-compose/index.js:42:32)
    at i18n (/Volumes/机械/测试项目/node/egg-example/node_modules/egg-i18n/app/middleware/i18n.js:13:12)
    at dispatch (/Volumes/机械/测试项目/node/egg-example/node_modules/koa/node_modules/koa-compose/index.js:42:32)
    at dispatch (/Volumes/机械/测试项目/node/egg-example/node_modules/egg-security/node_modules/koa-compose/index.js:42:32)
    at dta (/Volumes/机械/测试项目/node/egg-example/node_modules/egg-security/lib/middlewares/dta.js:12:12)
    at dispatch (/Volumes/机械/测试项目/node/egg-example/node_modules/egg-security/node_modules/koa-compose/index.js:42:32)
    at xframe (/Volumes/机械/测试项目/node/egg-example/node_modules/egg-security/lib/middlewares/xframe.js:7:11)
    at dispatch (/Volumes/机械/测试项目/node/egg-example/node_modules/egg-security/node_modules/koa-compose/index.js:42:32)
    at xssProtection (/Volumes/机械/测试项目/node/egg-example/node_modules/egg-security/lib/middlewares/xssProtection.js:7:11)
    at dispatch (/Volumes/机械/测试项目/node/egg-example/node_modules/egg-security/node_modules/koa-compose/index.js:42:32)
    at nosniff (/Volumes/机械/测试项目/node/egg-example/node_modules/egg-security/lib/middlewares/nosniff.js:8:11)
    at dispatch (/Volumes/机械/测试项目/node/egg-example/node_modules/egg-security/node_modules/koa-compose/index.js:42:32)
    at noopen (/Volumes/机械/测试项目/node/egg-example/node_modules/egg-security/lib/middlewares/noopen.js:8:11)
    at dispatch (/Volumes/机械/测试项目/node/egg-example/node_modules/egg-security/node_modules/koa-compose/index.js:42:32)
    at notAllow (/Volumes/机械/测试项目/node/egg-example/node_modules/egg-security/lib/middlewares/methodnoallow.js:21:12)
    at dispatch (/Volumes/机械/测试项目/node/egg-example/node_modules/egg-security/node_modules/koa-compose/index.js:42:32)
    at csrf (/Volumes/机械/测试项目/node/egg-example/node_modules/egg-security/lib/middlewares/csrf.js:24:14)
    at dispatch (/Volumes/机械/测试项目/node/egg-example/node_modules/egg-security/node_modules/koa-compose/index.js:42:32)
    at /Volumes/机械/测试项目/node/egg-example/node_modules/egg-security/node_modules/koa-compose/index.js:34:12
    at dispatch (/Volumes/机械/测试项目/node/egg-example/node_modules/koa/node_modules/koa-compose/index.js:42:32)
    at session (/Volumes/机械/测试项目/node/egg-example/node_modules/koa-session/index.js:41:13)
    at dispatch (/Volumes/机械/测试项目/node/egg-example/node_modules/koa/node_modules/koa-compose/index.js:42:32)
    at overrideMethod (/Volumes/机械/测试项目/node/egg-example/node_modules/koa-override/index.js:13:70)
    at dispatch (/Volumes/机械/测试项目/node/egg-example/node_modules/koa/node_modules/koa-compose/index.js:42:32)
    at bodyParser (/Volumes/机械/测试项目/node/egg-example/node_modules/koa-bodyparser/index.js:86:11)
    at processTicksAndRejections (internal/process/next_tick.js:81:5)

pid: 3383
hostname: luodeMacBook-Air.local

2019-08-13 10:24:45,142 ERROR 3383 nodejs.TypeError: Cannot read property 'AUTOREPLY' of undefined
    at Wechaty.onMessage (/Volumes/机械/测试项目/node/egg-example/app.js:173:23)
    at processTicksAndRejections (internal/process/next_tick.js:81:5)

pid: 3383
hostname: luodeMacBook-Air.local

2019-08-13 10:26:35,401 ERROR 3481 [-/127.0.0.1/-/7ms GET /api/getScheduleList] nodejs.TypeError: Cannot read property 'find' of undefined
    at ModelService.find (/Volumes/机械/测试项目/node/egg-example/app/service/model.js:14:38)
    at HomeController.getScheduleList (/Volumes/机械/测试项目/node/egg-example/app/controller/home.js:27:41)
    at Object.callFn (/Volumes/机械/测试项目/node/egg-example/node_modules/egg-core/lib/utils/index.js:44:21)
    at Object.classControllerMiddleware (/Volumes/机械/测试项目/node/egg-example/node_modules/egg-core/lib/loader/mixin/controller.js:87:20)
    at Object.callFn (/Volumes/机械/测试项目/node/egg-example/node_modules/@eggjs/router/lib/utils.js:12:21)
    at wrappedController (/Volumes/机械/测试项目/node/egg-example/node_modules/@eggjs/router/lib/egg_router.js:322:18)
    at dispatch (/Volumes/机械/测试项目/node/egg-example/node_modules/koa-compose/index.js:44:32)
    at next (/Volumes/机械/测试项目/node/egg-example/node_modules/koa-compose/index.js:45:18)
    at /Volumes/机械/测试项目/node/egg-example/node_modules/@eggjs/router/lib/router.js:190:18
    at dispatch (/Volumes/机械/测试项目/node/egg-example/node_modules/koa-compose/index.js:44:32)
    at /Volumes/机械/测试项目/node/egg-example/node_modules/koa-compose/index.js:36:12
    at dispatch (/Volumes/机械/测试项目/node/egg-example/node_modules/@eggjs/router/lib/router.js:195:33)
    at dispatch (/Volumes/机械/测试项目/node/egg-example/node_modules/koa/node_modules/koa-compose/index.js:42:32)
    at /Volumes/机械/测试项目/node/egg-example/node_modules/egg-development/app/middleware/egg_loader_trace.js:9:56
    at dispatch (/Volumes/机械/测试项目/node/egg-example/node_modules/koa/node_modules/koa-compose/index.js:42:32)
    at i18n (/Volumes/机械/测试项目/node/egg-example/node_modules/egg-i18n/app/middleware/i18n.js:13:12)
    at dispatch (/Volumes/机械/测试项目/node/egg-example/node_modules/koa/node_modules/koa-compose/index.js:42:32)
    at dispatch (/Volumes/机械/测试项目/node/egg-example/node_modules/egg-security/node_modules/koa-compose/index.js:42:32)
    at dta (/Volumes/机械/测试项目/node/egg-example/node_modules/egg-security/lib/middlewares/dta.js:12:12)
    at dispatch (/Volumes/机械/测试项目/node/egg-example/node_modules/egg-security/node_modules/koa-compose/index.js:42:32)
    at xframe (/Volumes/机械/测试项目/node/egg-example/node_modules/egg-security/lib/middlewares/xframe.js:7:11)
    at dispatch (/Volumes/机械/测试项目/node/egg-example/node_modules/egg-security/node_modules/koa-compose/index.js:42:32)
    at xssProtection (/Volumes/机械/测试项目/node/egg-example/node_modules/egg-security/lib/middlewares/xssProtection.js:7:11)
    at dispatch (/Volumes/机械/测试项目/node/egg-example/node_modules/egg-security/node_modules/koa-compose/index.js:42:32)
    at nosniff (/Volumes/机械/测试项目/node/egg-example/node_modules/egg-security/lib/middlewares/nosniff.js:8:11)
    at dispatch (/Volumes/机械/测试项目/node/egg-example/node_modules/egg-security/node_modules/koa-compose/index.js:42:32)
    at noopen (/Volumes/机械/测试项目/node/egg-example/node_modules/egg-security/lib/middlewares/noopen.js:8:11)
    at dispatch (/Volumes/机械/测试项目/node/egg-example/node_modules/egg-security/node_modules/koa-compose/index.js:42:32)
    at notAllow (/Volumes/机械/测试项目/node/egg-example/node_modules/egg-security/lib/middlewares/methodnoallow.js:21:12)
    at dispatch (/Volumes/机械/测试项目/node/egg-example/node_modules/egg-security/node_modules/koa-compose/index.js:42:32)
    at csrf (/Volumes/机械/测试项目/node/egg-example/node_modules/egg-security/lib/middlewares/csrf.js:24:14)
    at dispatch (/Volumes/机械/测试项目/node/egg-example/node_modules/egg-security/node_modules/koa-compose/index.js:42:32)
    at /Volumes/机械/测试项目/node/egg-example/node_modules/egg-security/node_modules/koa-compose/index.js:34:12
    at dispatch (/Volumes/机械/测试项目/node/egg-example/node_modules/koa/node_modules/koa-compose/index.js:42:32)
    at session (/Volumes/机械/测试项目/node/egg-example/node_modules/koa-session/index.js:41:13)
    at dispatch (/Volumes/机械/测试项目/node/egg-example/node_modules/koa/node_modules/koa-compose/index.js:42:32)
    at overrideMethod (/Volumes/机械/测试项目/node/egg-example/node_modules/koa-override/index.js:13:70)
    at dispatch (/Volumes/机械/测试项目/node/egg-example/node_modules/koa/node_modules/koa-compose/index.js:42:32)
    at bodyParser (/Volumes/机械/测试项目/node/egg-example/node_modules/koa-bodyparser/index.js:86:11)
    at processTicksAndRejections (internal/process/next_tick.js:81:5)

pid: 3481
hostname: luodeMacBook-Air.local

2019-08-13 10:27:10,423 ERROR 3539 [-/127.0.0.1/-/8ms GET /api/getScheduleList] nodejs.TypeError: Cannot read property 'find' of undefined
    at ModelService.find (/Volumes/机械/测试项目/node/egg-example/app/service/model.js:14:38)
    at HomeController.getScheduleList (/Volumes/机械/测试项目/node/egg-example/app/controller/home.js:27:41)
    at Object.callFn (/Volumes/机械/测试项目/node/egg-example/node_modules/egg-core/lib/utils/index.js:44:21)
    at Object.classControllerMiddleware (/Volumes/机械/测试项目/node/egg-example/node_modules/egg-core/lib/loader/mixin/controller.js:87:20)
    at Object.callFn (/Volumes/机械/测试项目/node/egg-example/node_modules/@eggjs/router/lib/utils.js:12:21)
    at wrappedController (/Volumes/机械/测试项目/node/egg-example/node_modules/@eggjs/router/lib/egg_router.js:322:18)
    at dispatch (/Volumes/机械/测试项目/node/egg-example/node_modules/koa-compose/index.js:44:32)
    at next (/Volumes/机械/测试项目/node/egg-example/node_modules/koa-compose/index.js:45:18)
    at /Volumes/机械/测试项目/node/egg-example/node_modules/@eggjs/router/lib/router.js:190:18
    at dispatch (/Volumes/机械/测试项目/node/egg-example/node_modules/koa-compose/index.js:44:32)
    at /Volumes/机械/测试项目/node/egg-example/node_modules/koa-compose/index.js:36:12
    at dispatch (/Volumes/机械/测试项目/node/egg-example/node_modules/@eggjs/router/lib/router.js:195:33)
    at dispatch (/Volumes/机械/测试项目/node/egg-example/node_modules/koa/node_modules/koa-compose/index.js:42:32)
    at /Volumes/机械/测试项目/node/egg-example/node_modules/egg-development/app/middleware/egg_loader_trace.js:9:56
    at dispatch (/Volumes/机械/测试项目/node/egg-example/node_modules/koa/node_modules/koa-compose/index.js:42:32)
    at i18n (/Volumes/机械/测试项目/node/egg-example/node_modules/egg-i18n/app/middleware/i18n.js:13:12)
    at dispatch (/Volumes/机械/测试项目/node/egg-example/node_modules/koa/node_modules/koa-compose/index.js:42:32)
    at dispatch (/Volumes/机械/测试项目/node/egg-example/node_modules/egg-security/node_modules/koa-compose/index.js:42:32)
    at dta (/Volumes/机械/测试项目/node/egg-example/node_modules/egg-security/lib/middlewares/dta.js:12:12)
    at dispatch (/Volumes/机械/测试项目/node/egg-example/node_modules/egg-security/node_modules/koa-compose/index.js:42:32)
    at xframe (/Volumes/机械/测试项目/node/egg-example/node_modules/egg-security/lib/middlewares/xframe.js:7:11)
    at dispatch (/Volumes/机械/测试项目/node/egg-example/node_modules/egg-security/node_modules/koa-compose/index.js:42:32)
    at xssProtection (/Volumes/机械/测试项目/node/egg-example/node_modules/egg-security/lib/middlewares/xssProtection.js:7:11)
    at dispatch (/Volumes/机械/测试项目/node/egg-example/node_modules/egg-security/node_modules/koa-compose/index.js:42:32)
    at nosniff (/Volumes/机械/测试项目/node/egg-example/node_modules/egg-security/lib/middlewares/nosniff.js:8:11)
    at dispatch (/Volumes/机械/测试项目/node/egg-example/node_modules/egg-security/node_modules/koa-compose/index.js:42:32)
    at noopen (/Volumes/机械/测试项目/node/egg-example/node_modules/egg-security/lib/middlewares/noopen.js:8:11)
    at dispatch (/Volumes/机械/测试项目/node/egg-example/node_modules/egg-security/node_modules/koa-compose/index.js:42:32)
    at notAllow (/Volumes/机械/测试项目/node/egg-example/node_modules/egg-security/lib/middlewares/methodnoallow.js:21:12)
    at dispatch (/Volumes/机械/测试项目/node/egg-example/node_modules/egg-security/node_modules/koa-compose/index.js:42:32)
    at csrf (/Volumes/机械/测试项目/node/egg-example/node_modules/egg-security/lib/middlewares/csrf.js:24:14)
    at dispatch (/Volumes/机械/测试项目/node/egg-example/node_modules/egg-security/node_modules/koa-compose/index.js:42:32)
    at /Volumes/机械/测试项目/node/egg-example/node_modules/egg-security/node_modules/koa-compose/index.js:34:12
    at dispatch (/Volumes/机械/测试项目/node/egg-example/node_modules/koa/node_modules/koa-compose/index.js:42:32)
    at session (/Volumes/机械/测试项目/node/egg-example/node_modules/koa-session/index.js:41:13)
    at dispatch (/Volumes/机械/测试项目/node/egg-example/node_modules/koa/node_modules/koa-compose/index.js:42:32)
    at overrideMethod (/Volumes/机械/测试项目/node/egg-example/node_modules/koa-override/index.js:13:70)
    at dispatch (/Volumes/机械/测试项目/node/egg-example/node_modules/koa/node_modules/koa-compose/index.js:42:32)
    at bodyParser (/Volumes/机械/测试项目/node/egg-example/node_modules/koa-bodyparser/index.js:86:11)
    at processTicksAndRejections (internal/process/next_tick.js:81:5)

pid: 3539
hostname: luodeMacBook-Air.local

2019-08-13 10:42:02,591 ERROR 3580 nodejs.TypeError: Cannot read property 'util' of undefined
    at Wechaty.onMessage (/Volumes/机械/测试项目/node/egg-example/app.js:174:47)
    at processTicksAndRejections (internal/process/next_tick.js:81:5)

pid: 3580
hostname: luodeMacBook-Air.local

2019-08-13 10:56:30,765 ERROR 3981 nodejs.TypeError: Cannot read property 'util' of undefined
    at Wechaty.onMessage (/Volumes/机械/测试项目/node/egg-example/app.js:171:47)
    at processTicksAndRejections (internal/process/next_tick.js:81:5)

pid: 3981
hostname: luodeMacBook-Air.local

2019-08-13 11:27:01,348 ERROR 5010 nodejs.TypeError: Cannot read property 'util' of undefined
    at Wechaty.onMessage (/Volumes/机械/测试项目/node/egg-example/app.js:172:47)
    at processTicksAndRejections (internal/process/next_tick.js:81:5)

pid: 5010
hostname: luodeMacBook-Air.local

2019-08-13 11:27:05,209 ERROR 5010 nodejs.TypeError: Cannot read property 'util' of undefined
    at Wechaty.onMessage (/Volumes/机械/测试项目/node/egg-example/app.js:172:47)
    at processTicksAndRejections (internal/process/next_tick.js:81:5)

pid: 5010
hostname: luodeMacBook-Air.local

2019-08-13 11:27:34,358 ERROR 5010 nodejs.TypeError: Cannot read property 'util' of undefined
    at Wechaty.onMessage (/Volumes/机械/测试项目/node/egg-example/app.js:172:47)
    at processTicksAndRejections (internal/process/next_tick.js:81:5)

pid: 5010
hostname: luodeMacBook-Air.local

2019-08-13 11:27:46,939 ERROR 5010 nodejs.TypeError: Cannot read property 'util' of undefined
    at Wechaty.onMessage (/Volumes/机械/测试项目/node/egg-example/app.js:172:47)
    at processTicksAndRejections (internal/process/next_tick.js:81:5)

pid: 5010
hostname: luodeMacBook-Air.local

2019-08-13 11:28:00,570 ERROR 5010 nodejs.TypeError: Cannot read property 'util' of undefined
    at Wechaty.onMessage (/Volumes/机械/测试项目/node/egg-example/app.js:172:47)
    at processTicksAndRejections (internal/process/next_tick.js:81:5)

pid: 5010
hostname: luodeMacBook-Air.local

2019-08-13 11:28:16,537 ERROR 5010 nodejs.TypeError: Cannot read property 'util' of undefined
    at Wechaty.onMessage (/Volumes/机械/测试项目/node/egg-example/app.js:172:47)
    at processTicksAndRejections (internal/process/next_tick.js:81:5)

pid: 5010
hostname: luodeMacBook-Air.local

2019-08-13 11:30:21,446 ERROR 5010 nodejs.TypeError: Cannot read property 'util' of undefined
    at Wechaty.onMessage (/Volumes/机械/测试项目/node/egg-example/app.js:172:47)
    at processTicksAndRejections (internal/process/next_tick.js:81:5)

pid: 5010
hostname: luodeMacBook-Air.local

2019-08-13 12:42:11,852 ERROR 5010 nodejs.TypeError: Cannot read property 'util' of undefined
    at Wechaty.onMessage (/Volumes/机械/测试项目/node/egg-example/app.js:172:47)
    at processTicksAndRejections (internal/process/next_tick.js:81:5)

pid: 5010
hostname: luodeMacBook-Air.local

2019-08-13 12:42:13,883 ERROR 5010 nodejs.TypeError: Cannot read property 'util' of undefined
    at Wechaty.onMessage (/Volumes/机械/测试项目/node/egg-example/app.js:172:47)
    at processTicksAndRejections (internal/process/next_tick.js:81:5)

pid: 5010
hostname: luodeMacBook-Air.local

2019-08-13 13:41:27,913 ERROR 6236 nodejs.ReferenceError: getToday is not defined
    at Object.contentDistinguish (/Volumes/机械/测试项目/node/egg-example/app/helper/util.js:99:17)
    at Wechaty.onMessage (/Volumes/机械/测试项目/node/egg-example/app.js:139:47)
    at processTicksAndRejections (internal/process/next_tick.js:81:5)

pid: 6236
hostname: luodeMacBook-Air.local

2019-08-13 13:49:09,628 ERROR 6470 nodejs.ReferenceError: getToday is not defined
    at Object.contentDistinguish (/Volumes/机械/测试项目/node/egg-example/app/helper/util.js:99:17)
    at Wechaty.onMessage (/Volumes/机械/测试项目/node/egg-example/app.js:139:47)
    at processTicksAndRejections (internal/process/next_tick.js:81:5)

pid: 6470
hostname: luodeMacBook-Air.local

2019-08-13 13:55:00,343 ERROR 6727 [-/127.0.0.1/-/11ms POST /api/addSchedule] nodejs.TypeError: ctx.service.model.create is not a function
    at HomeController.addSchedule (/Volumes/机械/测试项目/node/egg-example/app/controller/home.js:12:41)
    at Object.callFn (/Volumes/机械/测试项目/node/egg-example/node_modules/egg-core/lib/utils/index.js:44:21)
    at Object.classControllerMiddleware (/Volumes/机械/测试项目/node/egg-example/node_modules/egg-core/lib/loader/mixin/controller.js:87:20)
    at Object.callFn (/Volumes/机械/测试项目/node/egg-example/node_modules/@eggjs/router/lib/utils.js:12:21)
    at wrappedController (/Volumes/机械/测试项目/node/egg-example/node_modules/@eggjs/router/lib/egg_router.js:322:18)
    at dispatch (/Volumes/机械/测试项目/node/egg-example/node_modules/koa-compose/index.js:44:32)
    at next (/Volumes/机械/测试项目/node/egg-example/node_modules/koa-compose/index.js:45:18)
    at /Volumes/机械/测试项目/node/egg-example/node_modules/@eggjs/router/lib/router.js:190:18
    at dispatch (/Volumes/机械/测试项目/node/egg-example/node_modules/koa-compose/index.js:44:32)
    at /Volumes/机械/测试项目/node/egg-example/node_modules/koa-compose/index.js:36:12
    at dispatch (/Volumes/机械/测试项目/node/egg-example/node_modules/@eggjs/router/lib/router.js:195:33)
    at dispatch (/Volumes/机械/测试项目/node/egg-example/node_modules/koa/node_modules/koa-compose/index.js:42:32)
    at /Volumes/机械/测试项目/node/egg-example/node_modules/egg-development/app/middleware/egg_loader_trace.js:9:56
    at dispatch (/Volumes/机械/测试项目/node/egg-example/node_modules/koa/node_modules/koa-compose/index.js:42:32)
    at i18n (/Volumes/机械/测试项目/node/egg-example/node_modules/egg-i18n/app/middleware/i18n.js:13:12)
    at dispatch (/Volumes/机械/测试项目/node/egg-example/node_modules/koa/node_modules/koa-compose/index.js:42:32)
    at session (/Volumes/机械/测试项目/node/egg-example/node_modules/koa-session/index.js:41:13)
    at dispatch (/Volumes/机械/测试项目/node/egg-example/node_modules/koa/node_modules/koa-compose/index.js:42:32)
    at overrideMethod (/Volumes/机械/测试项目/node/egg-example/node_modules/koa-override/index.js:38:12)
    at dispatch (/Volumes/机械/测试项目/node/egg-example/node_modules/koa/node_modules/koa-compose/index.js:42:32)
    at bodyParser (/Volumes/机械/测试项目/node/egg-example/node_modules/koa-bodyparser/index.js:86:11)
    at processTicksAndRejections (internal/process/next_tick.js:81:5)

pid: 6727
hostname: luodeMacBook-Air.local

